<?xml version="1.0" encoding="UTF-8"?>
<testsuite xmlns:xsi="http://www.w3.org/2001/XMLSchema-instance" xsi:schemaLocation="https://maven.apache.org/surefire/maven-surefire-plugin/xsd/surefire-test-report.xsd" name="com.swcguild.flooringmastery.service.FlooringMasteryServiceLayerTest" time="0.155" tests="8" errors="0" skipped="0" failures="0">
  <properties>
    <property name="java.runtime.name" value="Java(TM) SE Runtime Environment"/>
    <property name="java.vm.version" value="14.0.1+7"/>
    <property name="sun.boot.library.path" value="C:\Program Files\Java\jdk-14.0.1\bin"/>
    <property name="maven.multiModuleProjectDirectory" value="C:\Users\greta\Documents\online-java-2019-grreg001\Summatives\mastery-oop\FlooringMastery"/>
    <property name="java.vm.vendor" value="Oracle Corporation"/>
    <property name="java.vendor.url" value="https://java.oracle.com/"/>
    <property name="guice.disable.misplaced.annotation.check" value="true"/>
    <property name="path.separator" value=";"/>
    <property name="java.vm.name" value="Java HotSpot(TM) 64-Bit Server VM"/>
    <property name="sun.os.patch.level" value=""/>
    <property name="user.script" value=""/>
    <property name="user.country" value="US"/>
    <property name="sun.java.launcher" value="SUN_STANDARD"/>
    <property name="java.vm.specification.name" value="Java Virtual Machine Specification"/>
    <property name="user.dir" value="C:\Users\greta\Documents\online-java-2019-grreg001\Summatives\mastery-oop\FlooringMastery"/>
    <property name="java.vm.compressedOopsMode" value="Zero based"/>
    <property name="java.runtime.version" value="14.0.1+7"/>
    <property name="os.arch" value="amd64"/>
    <property name="java.io.tmpdir" value="C:\Users\greta\AppData\Local\Temp\"/>
    <property name="line.separator" value="&#10;"/>
    <property name="java.vm.specification.vendor" value="Oracle Corporation"/>
    <property name="user.variant" value=""/>
    <property name="os.name" value="Windows 10"/>
    <property name="maven.ext.class.path" value="C:\Users\greta\Downloads\netbeans-11.3-bin\netbeans\java\maven-nblib\netbeans-eventspy.jar"/>
    <property name="classworlds.conf" value="C:\Users\greta\Documents\apache-maven-3.6.3-bin\apache-maven-3.6.3\bin\..\bin\m2.conf"/>
    <property name="sun.jnu.encoding" value="Cp1252"/>
    <property name="java.library.path" value="C:\Program Files\Java\jdk-14.0.1\bin;C:\windows\Sun\Java\bin;C:\windows\system32;C:\windows;C:\windows\system32;C:\windows;C:\windows\System32\Wbem;C:\windows\System32\WindowsPowerShell\v1.0\;C:\windows\System32\OpenSSH\;C:\Program Files\Git\cmd;C:\Program Files\Java\jdk-14.0.1\bin;C:\Users\greta\Documents\jdk-14.0.1\bin;C:\Users\greta\Documents\apache-maven-3.6.3-bin\apache-maven-3.6.3-bin;C:\Users\greta\Documents\apache-maven-3.6.3-bin\apache-maven-3.6.3\bin;C:\Users\greta\AppData\Local\Microsoft\WindowsApps;C:\Users\greta\AppData\Local\GitHubDesktop\bin;C:\Users\greta\Documents\apache-maven-3.6.3-bin\apache-maven-3.6.3;;."/>
    <property name="maven.conf" value="C:\Users\greta\Documents\apache-maven-3.6.3-bin\apache-maven-3.6.3\bin\../conf"/>
    <property name="jdk.debug" value="release"/>
    <property name="java.class.version" value="58.0"/>
    <property name="java.specification.name" value="Java Platform API Specification"/>
    <property name="sun.management.compiler" value="HotSpot 64-Bit Tiered Compilers"/>
    <property name="os.version" value="10.0"/>
    <property name="library.jansi.path" value="C:\Users\greta\Documents\apache-maven-3.6.3-bin\apache-maven-3.6.3\bin\..\lib\jansi-native"/>
    <property name="user.home" value="C:\Users\greta"/>
    <property name="user.timezone" value="America/Chicago"/>
    <property name="file.encoding" value="UTF-8"/>
    <property name="java.specification.version" value="14"/>
    <property name="user.name" value="greta"/>
    <property name="java.class.path" value="C:\Users\greta\Documents\apache-maven-3.6.3-bin\apache-maven-3.6.3\bin\..\boot\plexus-classworlds-2.6.0.jar"/>
    <property name="java.vm.specification.version" value="14"/>
    <property name="sun.arch.data.model" value="64"/>
    <property name="sun.java.command" value="org.codehaus.plexus.classworlds.launcher.Launcher -Dmaven.ext.class.path=C:\Users\greta\Downloads\netbeans-11.3-bin\netbeans\java\maven-nblib\netbeans-eventspy.jar -Dfile.encoding=UTF-8 clean install"/>
    <property name="java.home" value="C:\Program Files\Java\jdk-14.0.1"/>
    <property name="user.language" value="en"/>
    <property name="java.specification.vendor" value="Oracle Corporation"/>
    <property name="java.vm.info" value="mixed mode, sharing"/>
    <property name="java.version" value="14.0.1"/>
    <property name="java.vendor" value="Oracle Corporation"/>
    <property name="maven.home" value="C:\Users\greta\Documents\apache-maven-3.6.3-bin\apache-maven-3.6.3\bin\.."/>
    <property name="file.separator" value="\"/>
    <property name="java.version.date" value="2020-04-14"/>
    <property name="java.vendor.url.bug" value="https://bugreport.java.com/bugreport/"/>
    <property name="sun.io.unicode.encoding" value="UnicodeLittle"/>
    <property name="sun.cpu.endian" value="little"/>
    <property name="sun.cpu.isalist" value="amd64"/>
  </properties>
  <testcase name="testGetOrder" classname="com.swcguild.flooringmastery.service.FlooringMasteryServiceLayerTest" time="0.062"/>
  <testcase name="testTax" classname="com.swcguild.flooringmastery.service.FlooringMasteryServiceLayerTest" time="0"/>
  <testcase name="testSaveWork" classname="com.swcguild.flooringmastery.service.FlooringMasteryServiceLayerTest" time="0.002"/>
  <testcase name="testEditOrder" classname="com.swcguild.flooringmastery.service.FlooringMasteryServiceLayerTest" time="0.002"/>
  <testcase name="testCost" classname="com.swcguild.flooringmastery.service.FlooringMasteryServiceLayerTest" time="0.011"/>
  <testcase name="testRemoveOrder" classname="com.swcguild.flooringmastery.service.FlooringMasteryServiceLayerTest" time="0.015"/>
  <testcase name="testAddOrder" classname="com.swcguild.flooringmastery.service.FlooringMasteryServiceLayerTest" time="0.015"/>
  <testcase name="testDisplayOrders" classname="com.swcguild.flooringmastery.service.FlooringMasteryServiceLayerTest" time="0.021"/>
</testsuite>